<?xml version="1.0" encoding="UTF-8"?>
<coverage generated="1564951713388" clover="3.2.0">
  <project timestamp="1564951713388" name="All files">
    <metrics statements="40" coveredstatements="39" conditionals="25" coveredconditionals="23" methods="9" coveredmethods="6" elements="74" coveredelements="68" complexity="0" loc="40" ncloc="40" packages="2" files="3" classes="3"/>
    <package name="src">
      <metrics statements="5" coveredstatements="4" conditionals="4" coveredconditionals="2" methods="5" coveredmethods="2"/>
      <file name="index.js" path="D:\Programmazione\Progetti_su_github\resumabletcf\src\index.js">
        <metrics statements="0" coveredstatements="0" conditionals="0" coveredconditionals="0" methods="0" coveredmethods="0"/>
      </file>
      <file name="utilities.js" path="D:\Programmazione\Progetti_su_github\resumabletcf\src\utilities.js">
        <metrics statements="5" coveredstatements="4" conditionals="4" coveredconditionals="2" methods="5" coveredmethods="2"/>
        <line num="2" count="39" type="stmt"/>
        <line num="8" count="24" type="cond" truecount="2" falsecount="0"/>
        <line num="14" count="0" type="cond" truecount="0" falsecount="2"/>
        <line num="17" count="1" type="stmt"/>
        <line num="18" count="1" type="stmt"/>
      </file>
    </package>
    <package name="src.sync">
      <metrics statements="35" coveredstatements="35" conditionals="21" coveredconditionals="21" methods="4" coveredmethods="4"/>
      <file name="index.js" path="D:\Programmazione\Progetti_su_github\resumabletcf\src\sync\index.js">
        <metrics statements="35" coveredstatements="35" conditionals="21" coveredconditionals="21" methods="4" coveredmethods="4"/>
        <line num="10" count="24" type="cond" truecount="2" falsecount="0"/>
        <line num="11" count="9" type="stmt"/>
        <line num="15" count="15" type="stmt"/>
        <line num="24" count="15" type="stmt"/>
        <line num="26" count="12" type="stmt"/>
        <line num="36" count="13" type="stmt"/>
        <line num="38" count="13" type="cond" truecount="2" falsecount="0"/>
        <line num="39" count="1" type="stmt"/>
        <line num="43" count="12" type="stmt"/>
        <line num="46" count="9" type="stmt"/>
        <line num="62" count="15" type="cond" truecount="2" falsecount="0"/>
        <line num="63" count="1" type="stmt"/>
        <line num="66" count="14" type="cond" truecount="4" falsecount="0"/>
        <line num="67" count="2" type="stmt"/>
        <line num="70" count="12" type="stmt"/>
        <line num="72" count="12" type="stmt"/>
        <line num="77" count="12" type="cond" truecount="2" falsecount="0"/>
        <line num="80" count="12" type="cond" truecount="2" falsecount="0"/>
        <line num="82" count="2" type="stmt"/>
        <line num="85" count="12" type="stmt"/>
        <line num="87" count="12" type="stmt"/>
        <line num="88" count="12" type="stmt"/>
        <line num="91" count="12" type="stmt"/>
        <line num="93" count="21" type="stmt"/>
        <line num="94" count="21" type="stmt"/>
        <line num="97" count="7" type="stmt"/>
        <line num="98" count="7" type="stmt"/>
        <line num="102" count="14" type="stmt"/>
        <line num="108" count="12" type="cond" truecount="2" falsecount="0"/>
        <line num="110" count="5" type="cond" truecount="2" falsecount="0"/>
        <line num="111" count="2" type="stmt"/>
        <line num="114" count="3" type="stmt"/>
        <line num="118" count="9" type="stmt"/>
        <line num="122" count="12" type="stmt"/>
        <line num="124" count="12" type="stmt"/>
      </file>
    </package>
  </project>
</coverage>
