<?xml version="1.0" encoding="UTF-8"?>
<coverage generated="1564953851534" clover="3.2.0">
  <project timestamp="1564953851534" name="All files">
    <metrics statements="75" coveredstatements="75" conditionals="46" coveredconditionals="46" methods="13" coveredmethods="11" elements="134" coveredelements="132" complexity="0" loc="75" ncloc="75" packages="3" files="4" classes="4"/>
    <package name="src">
      <metrics statements="5" coveredstatements="5" conditionals="4" coveredconditionals="4" methods="5" coveredmethods="3"/>
      <file name="index.js" path="D:\Programmazione\Progetti_su_github\resumabletcf\src\index.js">
        <metrics statements="0" coveredstatements="0" conditionals="0" coveredconditionals="0" methods="0" coveredmethods="0"/>
      </file>
      <file name="utilities.js" path="D:\Programmazione\Progetti_su_github\resumabletcf\src\utilities.js">
        <metrics statements="5" coveredstatements="5" conditionals="4" coveredconditionals="4" methods="5" coveredmethods="3"/>
        <line num="2" count="78" type="stmt"/>
        <line num="8" count="24" type="cond" truecount="2" falsecount="0"/>
        <line num="14" count="24" type="cond" truecount="2" falsecount="0"/>
        <line num="17" count="2" type="stmt"/>
        <line num="18" count="2" type="stmt"/>
      </file>
    </package>
    <package name="src.async">
      <metrics statements="35" coveredstatements="35" conditionals="21" coveredconditionals="21" methods="4" coveredmethods="4"/>
      <file name="index.js" path="D:\Programmazione\Progetti_su_github\resumabletcf\src\async\index.js">
        <metrics statements="35" coveredstatements="35" conditionals="21" coveredconditionals="21" methods="4" coveredmethods="4"/>
        <line num="10" count="24" type="cond" truecount="2" falsecount="0"/>
        <line num="11" count="9" type="stmt"/>
        <line num="15" count="15" type="stmt"/>
        <line num="24" count="15" type="stmt"/>
        <line num="26" count="12" type="stmt"/>
        <line num="36" count="13" type="stmt"/>
        <line num="38" count="13" type="cond" truecount="2" falsecount="0"/>
        <line num="39" count="1" type="stmt"/>
        <line num="43" count="12" type="stmt"/>
        <line num="46" count="9" type="stmt"/>
        <line num="62" count="15" type="cond" truecount="2" falsecount="0"/>
        <line num="63" count="1" type="stmt"/>
        <line num="66" count="14" type="cond" truecount="4" falsecount="0"/>
        <line num="67" count="2" type="stmt"/>
        <line num="70" count="12" type="stmt"/>
        <line num="72" count="12" type="stmt"/>
        <line num="77" count="12" type="cond" truecount="2" falsecount="0"/>
        <line num="80" count="12" type="cond" truecount="2" falsecount="0"/>
        <line num="82" count="2" type="stmt"/>
        <line num="85" count="12" type="stmt"/>
        <line num="87" count="12" type="stmt"/>
        <line num="88" count="12" type="stmt"/>
        <line num="91" count="12" type="stmt"/>
        <line num="93" count="21" type="stmt"/>
        <line num="94" count="21" type="stmt"/>
        <line num="97" count="7" type="stmt"/>
        <line num="98" count="7" type="stmt"/>
        <line num="102" count="14" type="stmt"/>
        <line num="108" count="12" type="cond" truecount="2" falsecount="0"/>
        <line num="110" count="5" type="cond" truecount="2" falsecount="0"/>
        <line num="111" count="2" type="stmt"/>
        <line num="114" count="3" type="stmt"/>
        <line num="118" count="9" type="stmt"/>
        <line num="122" count="12" type="stmt"/>
        <line num="124" count="12" type="stmt"/>
      </file>
    </package>
    <package name="src.sync">
      <metrics statements="35" coveredstatements="35" conditionals="21" coveredconditionals="21" methods="4" coveredmethods="4"/>
      <file name="index.js" path="D:\Programmazione\Progetti_su_github\resumabletcf\src\sync\index.js">
        <metrics statements="35" coveredstatements="35" conditionals="21" coveredconditionals="21" methods="4" coveredmethods="4"/>
        <line num="10" count="24" type="cond" truecount="2" falsecount="0"/>
        <line num="11" count="9" type="stmt"/>
        <line num="15" count="15" type="stmt"/>
        <line num="24" count="15" type="stmt"/>
        <line num="26" count="12" type="stmt"/>
        <line num="36" count="13" type="stmt"/>
        <line num="38" count="13" type="cond" truecount="2" falsecount="0"/>
        <line num="39" count="1" type="stmt"/>
        <line num="43" count="12" type="stmt"/>
        <line num="46" count="9" type="stmt"/>
        <line num="62" count="15" type="cond" truecount="2" falsecount="0"/>
        <line num="63" count="1" type="stmt"/>
        <line num="66" count="14" type="cond" truecount="4" falsecount="0"/>
        <line num="67" count="2" type="stmt"/>
        <line num="70" count="12" type="stmt"/>
        <line num="72" count="12" type="stmt"/>
        <line num="77" count="12" type="cond" truecount="2" falsecount="0"/>
        <line num="80" count="12" type="cond" truecount="2" falsecount="0"/>
        <line num="82" count="2" type="stmt"/>
        <line num="85" count="12" type="stmt"/>
        <line num="87" count="12" type="stmt"/>
        <line num="88" count="12" type="stmt"/>
        <line num="91" count="12" type="stmt"/>
        <line num="93" count="21" type="stmt"/>
        <line num="94" count="21" type="stmt"/>
        <line num="97" count="7" type="stmt"/>
        <line num="98" count="7" type="stmt"/>
        <line num="102" count="14" type="stmt"/>
        <line num="108" count="12" type="cond" truecount="2" falsecount="0"/>
        <line num="110" count="5" type="cond" truecount="2" falsecount="0"/>
        <line num="111" count="2" type="stmt"/>
        <line num="114" count="3" type="stmt"/>
        <line num="118" count="9" type="stmt"/>
        <line num="122" count="12" type="stmt"/>
        <line num="124" count="12" type="stmt"/>
      </file>
    </package>
  </project>
</coverage>
