{"D:\\Programmazione\\Progetti_su_github\\resumabletcf\\src\\index.js": {"path":"D:\\Programmazione\\Progetti_su_github\\resumabletcf\\src\\index.js","statementMap":{},"fnMap":{},"branchMap":{},"s":{},"f":{},"b":{},"_coverageSchema":"43e27e138ebf9cfc5966b082cf9a028302ed4184","hash":"5877e95e0c5c7f8ec5f7b42aaa44128e510fa482"}
,"D:\\Programmazione\\Progetti_su_github\\resumabletcf\\src\\utilities.js": {"path":"D:\\Programmazione\\Progetti_su_github\\resumabletcf\\src\\utilities.js","statementMap":{"0":{"start":{"line":2,"column":2},"end":{"line":2,"column":34}},"1":{"start":{"line":8,"column":2},"end":{"line":8,"column":62}},"2":{"start":{"line":14,"column":2},"end":{"line":14,"column":67}},"3":{"start":{"line":17,"column":30},"end":{"line":17,"column":38}},"4":{"start":{"line":18,"column":32},"end":{"line":18,"column":40}}},"fnMap":{"0":{"name":"isFunction","decl":{"start":{"line":1,"column":9},"end":{"line":1,"column":19}},"loc":{"start":{"line":1,"column":24},"end":{"line":3,"column":1}},"line":1},"1":{"name":"generator","decl":{"start":{"line":5,"column":10},"end":{"line":5,"column":19}},"loc":{"start":{"line":5,"column":22},"end":{"line":5,"column":25}},"line":5},"2":{"name":"isGenerator","decl":{"start":{"line":7,"column":9},"end":{"line":7,"column":20}},"loc":{"start":{"line":7,"column":25},"end":{"line":9,"column":1}},"line":7},"3":{"name":"asyncGenerator","decl":{"start":{"line":11,"column":16},"end":{"line":11,"column":30}},"loc":{"start":{"line":11,"column":33},"end":{"line":11,"column":36}},"line":11},"4":{"name":"isAsyncGenerator","decl":{"start":{"line":13,"column":9},"end":{"line":13,"column":25}},"loc":{"start":{"line":13,"column":30},"end":{"line":15,"column":1}},"line":13}},"branchMap":{"0":{"loc":{"start":{"line":8,"column":9},"end":{"line":8,"column":62}},"type":"binary-expr","locations":[{"start":{"line":8,"column":9},"end":{"line":8,"column":23}},{"start":{"line":8,"column":27},"end":{"line":8,"column":62}}],"line":8},"1":{"loc":{"start":{"line":14,"column":9},"end":{"line":14,"column":67}},"type":"binary-expr","locations":[{"start":{"line":14,"column":9},"end":{"line":14,"column":23}},{"start":{"line":14,"column":27},"end":{"line":14,"column":67}}],"line":14}},"s":{"0":39,"1":24,"2":0,"3":1,"4":1},"f":{"0":39,"1":0,"2":24,"3":0,"4":0},"b":{"0":[24,16],"1":[0,0]},"_coverageSchema":"43e27e138ebf9cfc5966b082cf9a028302ed4184","hash":"2027069803bd6b35ef9b5d608cad8b00530852ef"}
,"D:\\Programmazione\\Progetti_su_github\\resumabletcf\\src\\sync\\index.js": {"path":"D:\\Programmazione\\Progetti_su_github\\resumabletcf\\src\\sync\\index.js","statementMap":{"0":{"start":{"line":10,"column":2},"end":{"line":12,"column":3}},"1":{"start":{"line":11,"column":4},"end":{"line":11,"column":64}},"2":{"start":{"line":15,"column":13},"end":{"line":15,"column":24}},"3":{"start":{"line":24,"column":2},"end":{"line":24,"column":24}},"4":{"start":{"line":26,"column":2},"end":{"line":47,"column":3}},"5":{"start":{"line":36,"column":32},"end":{"line":36,"column":42}},"6":{"start":{"line":38,"column":4},"end":{"line":40,"column":5}},"7":{"start":{"line":39,"column":6},"end":{"line":39,"column":86}},"8":{"start":{"line":43,"column":4},"end":{"line":43,"column":36}},"9":{"start":{"line":46,"column":4},"end":{"line":46,"column":26}},"10":{"start":{"line":62,"column":2},"end":{"line":64,"column":3}},"11":{"start":{"line":63,"column":4},"end":{"line":63,"column":70}},"12":{"start":{"line":66,"column":2},"end":{"line":68,"column":3}},"13":{"start":{"line":67,"column":4},"end":{"line":67,"column":112}},"14":{"start":{"line":70,"column":26},"end":{"line":70,"column":42}},"15":{"start":{"line":72,"column":47},"end":{"line":72,"column":52}},"16":{"start":{"line":77,"column":2},"end":{"line":77,"column":31}},"17":{"start":{"line":80,"column":2},"end":{"line":83,"column":3}},"18":{"start":{"line":82,"column":4},"end":{"line":82,"column":50}},"19":{"start":{"line":85,"column":31},"end":{"line":119,"column":3}},"20":{"start":{"line":87,"column":22},"end":{"line":87,"column":26}},"21":{"start":{"line":88,"column":16},"end":{"line":88,"column":20}},"22":{"start":{"line":91,"column":4},"end":{"line":105,"column":36}},"23":{"start":{"line":93,"column":6},"end":{"line":103,"column":7}},"24":{"start":{"line":94,"column":8},"end":{"line":94,"column":50}},"25":{"start":{"line":97,"column":8},"end":{"line":97,"column":21}},"26":{"start":{"line":98,"column":8},"end":{"line":98,"column":14}},"27":{"start":{"line":102,"column":8},"end":{"line":102,"column":18}},"28":{"start":{"line":108,"column":4},"end":{"line":116,"column":5}},"29":{"start":{"line":110,"column":6},"end":{"line":115,"column":7}},"30":{"start":{"line":111,"column":8},"end":{"line":111,"column":36}},"31":{"start":{"line":114,"column":8},"end":{"line":114,"column":20}},"32":{"start":{"line":118,"column":4},"end":{"line":118,"column":23}},"33":{"start":{"line":122,"column":2},"end":{"line":122,"column":72}},"34":{"start":{"line":124,"column":2},"end":{"line":124,"column":30}}},"fnMap":{"0":{"name":"performSync","decl":{"start":{"line":8,"column":9},"end":{"line":8,"column":20}},"loc":{"start":{"line":8,"column":32},"end":{"line":51,"column":1}},"line":8},"1":{"name":"computeSync","decl":{"start":{"line":60,"column":9},"end":{"line":60,"column":20}},"loc":{"start":{"line":60,"column":109},"end":{"line":125,"column":1}},"line":60},"2":{"name":"(anonymous_2)","decl":{"start":{"line":60,"column":49},"end":{"line":60,"column":50}},"loc":{"start":{"line":60,"column":55},"end":{"line":60,"column":58}},"line":60},"3":{"name":"almostSafeComputation","decl":{"start":{"line":85,"column":40},"end":{"line":85,"column":61}},"loc":{"start":{"line":85,"column":64},"end":{"line":119,"column":3}},"line":85}},"branchMap":{"0":{"loc":{"start":{"line":10,"column":2},"end":{"line":12,"column":3}},"type":"if","locations":[{"start":{"line":10,"column":2},"end":{"line":12,"column":3}},{"start":{"line":10,"column":2},"end":{"line":12,"column":3}}],"line":10},"1":{"loc":{"start":{"line":38,"column":4},"end":{"line":40,"column":5}},"type":"if","locations":[{"start":{"line":38,"column":4},"end":{"line":40,"column":5}},{"start":{"line":38,"column":4},"end":{"line":40,"column":5}}],"line":38},"2":{"loc":{"start":{"line":60,"column":21},"end":{"line":60,"column":58}},"type":"default-arg","locations":[{"start":{"line":60,"column":49},"end":{"line":60,"column":58}}],"line":60},"3":{"loc":{"start":{"line":60,"column":60},"end":{"line":60,"column":83}},"type":"default-arg","locations":[{"start":{"line":60,"column":82},"end":{"line":60,"column":83}}],"line":60},"4":{"loc":{"start":{"line":60,"column":85},"end":{"line":60,"column":107}},"type":"default-arg","locations":[{"start":{"line":60,"column":101},"end":{"line":60,"column":107}}],"line":60},"5":{"loc":{"start":{"line":62,"column":2},"end":{"line":64,"column":3}},"type":"if","locations":[{"start":{"line":62,"column":2},"end":{"line":64,"column":3}},{"start":{"line":62,"column":2},"end":{"line":64,"column":3}}],"line":62},"6":{"loc":{"start":{"line":66,"column":2},"end":{"line":68,"column":3}},"type":"if","locations":[{"start":{"line":66,"column":2},"end":{"line":68,"column":3}},{"start":{"line":66,"column":2},"end":{"line":68,"column":3}}],"line":66},"7":{"loc":{"start":{"line":66,"column":6},"end":{"line":66,"column":85}},"type":"binary-expr","locations":[{"start":{"line":66,"column":6},"end":{"line":66,"column":48}},{"start":{"line":66,"column":52},"end":{"line":66,"column":85}}],"line":66},"8":{"loc":{"start":{"line":77,"column":2},"end":{"line":77,"column":31}},"type":"if","locations":[{"start":{"line":77,"column":2},"end":{"line":77,"column":31}},{"start":{"line":77,"column":2},"end":{"line":77,"column":31}}],"line":77},"9":{"loc":{"start":{"line":80,"column":2},"end":{"line":83,"column":3}},"type":"if","locations":[{"start":{"line":80,"column":2},"end":{"line":83,"column":3}},{"start":{"line":80,"column":2},"end":{"line":83,"column":3}}],"line":80},"10":{"loc":{"start":{"line":108,"column":4},"end":{"line":116,"column":5}},"type":"if","locations":[{"start":{"line":108,"column":4},"end":{"line":116,"column":5}},{"start":{"line":108,"column":4},"end":{"line":116,"column":5}}],"line":108},"11":{"loc":{"start":{"line":110,"column":6},"end":{"line":115,"column":7}},"type":"if","locations":[{"start":{"line":110,"column":6},"end":{"line":115,"column":7}},{"start":{"line":110,"column":6},"end":{"line":115,"column":7}}],"line":110}},"s":{"0":24,"1":9,"2":15,"3":15,"4":12,"5":13,"6":13,"7":1,"8":12,"9":9,"10":15,"11":1,"12":14,"13":2,"14":12,"15":12,"16":12,"17":12,"18":2,"19":12,"20":12,"21":12,"22":12,"23":21,"24":21,"25":7,"26":7,"27":14,"28":12,"29":5,"30":2,"31":3,"32":9,"33":12,"34":12},"f":{"0":24,"1":15,"2":1,"3":12},"b":{"0":[9,15],"1":[1,12],"2":[1],"3":[8],"4":[14],"5":[1,14],"6":[2,12],"7":[14,13],"8":[10,2],"9":[2,10],"10":[5,7],"11":[2,3]},"_coverageSchema":"43e27e138ebf9cfc5966b082cf9a028302ed4184","hash":"8002fef44c3af138b5fbbb3f1fe61acad96c356e"}
}
