TN:
SF:D:\Programmazione\Progetti_su_github\resumabletcf\src\index.js
FNF:0
FNH:0
LF:0
LH:0
BRF:0
BRH:0
end_of_record
TN:
SF:D:\Programmazione\Progetti_su_github\resumabletcf\src\utilities.js
FN:1,isFunction
FN:5,generator
FN:7,isGenerator
FN:11,asyncGenerator
FN:13,isAsyncGenerator
FNF:5
FNH:3
FNDA:78,isFunction
FNDA:0,generator
FNDA:24,isGenerator
FNDA:0,asyncGenerator
FNDA:24,isAsyncGenerator
DA:2,78
DA:8,24
DA:14,24
DA:17,2
DA:18,2
LF:5
LH:5
BRDA:8,0,0,24
BRDA:8,0,1,16
BRDA:14,1,0,24
BRDA:14,1,1,16
BRF:4
BRH:4
end_of_record
TN:
SF:D:\Programmazione\Progetti_su_github\resumabletcf\src\async\index.js
FN:8,performAsync
FN:60,computeAsync
FN:60,(anonymous_2)
FN:85,almostSafeComputation
FNF:4
FNH:4
FNDA:24,performAsync
FNDA:15,computeAsync
FNDA:1,(anonymous_2)
FNDA:12,almostSafeComputation
DA:10,24
DA:11,9
DA:15,15
DA:24,15
DA:26,12
DA:36,13
DA:38,13
DA:39,1
DA:43,12
DA:46,9
DA:62,15
DA:63,1
DA:66,14
DA:67,2
DA:70,12
DA:72,12
DA:77,12
DA:80,12
DA:82,2
DA:85,12
DA:87,12
DA:88,12
DA:91,12
DA:93,21
DA:94,21
DA:97,7
DA:98,7
DA:102,14
DA:108,12
DA:110,5
DA:111,2
DA:114,3
DA:118,9
DA:122,12
DA:124,12
LF:35
LH:35
BRDA:10,0,0,9
BRDA:10,0,1,15
BRDA:38,1,0,1
BRDA:38,1,1,12
BRDA:60,2,0,1
BRDA:60,3,0,8
BRDA:60,4,0,14
BRDA:62,5,0,1
BRDA:62,5,1,14
BRDA:66,6,0,2
BRDA:66,6,1,12
BRDA:66,7,0,14
BRDA:66,7,1,13
BRDA:77,8,0,10
BRDA:77,8,1,2
BRDA:80,9,0,2
BRDA:80,9,1,10
BRDA:108,10,0,5
BRDA:108,10,1,7
BRDA:110,11,0,2
BRDA:110,11,1,3
BRF:21
BRH:21
end_of_record
TN:
SF:D:\Programmazione\Progetti_su_github\resumabletcf\src\sync\index.js
FN:8,performSync
FN:60,computeSync
FN:60,(anonymous_2)
FN:85,almostSafeComputation
FNF:4
FNH:4
FNDA:24,performSync
FNDA:15,computeSync
FNDA:1,(anonymous_2)
FNDA:12,almostSafeComputation
DA:10,24
DA:11,9
DA:15,15
DA:24,15
DA:26,12
DA:36,13
DA:38,13
DA:39,1
DA:43,12
DA:46,9
DA:62,15
DA:63,1
DA:66,14
DA:67,2
DA:70,12
DA:72,12
DA:77,12
DA:80,12
DA:82,2
DA:85,12
DA:87,12
DA:88,12
DA:91,12
DA:93,21
DA:94,21
DA:97,7
DA:98,7
DA:102,14
DA:108,12
DA:110,5
DA:111,2
DA:114,3
DA:118,9
DA:122,12
DA:124,12
LF:35
LH:35
BRDA:10,0,0,9
BRDA:10,0,1,15
BRDA:38,1,0,1
BRDA:38,1,1,12
BRDA:60,2,0,1
BRDA:60,3,0,8
BRDA:60,4,0,14
BRDA:62,5,0,1
BRDA:62,5,1,14
BRDA:66,6,0,2
BRDA:66,6,1,12
BRDA:66,7,0,14
BRDA:66,7,1,13
BRDA:77,8,0,10
BRDA:77,8,1,2
BRDA:80,9,0,2
BRDA:80,9,1,10
BRDA:108,10,0,5
BRDA:108,10,1,7
BRDA:110,11,0,2
BRDA:110,11,1,3
BRF:21
BRH:21
end_of_record
